\BOOKMARK [0][-]{chapter.2}{\376\377\000K\000\366\000v\000e\000t\000e\000l\000m\000\351\000n\000y\000,\000\040\000p\000r\000o\000j\000e\000k\000t\000,\000\040\000f\000u\000n\000k\000c\000i\000o\000n\000a\000l\000i\000t\000\341\000s}{}% 1
\BOOKMARK [1][-]{section.2.1}{\376\377\000B\000e\000v\000e\000z\000e\000t\000\351\000s}{chapter.2}% 2
\BOOKMARK [2][-]{subsection.2.1.1}{\376\377\000C\000\351\000l}{section.2.1}% 3
\BOOKMARK [2][-]{subsection.2.1.2}{\376\377\000S\000z\000a\000k\000t\000e\000r\000\374\000l\000e\000t}{section.2.1}% 4
\BOOKMARK [2][-]{subsection.2.1.3}{\376\377\000D\000e\000f\000i\000n\000\355\000c\000i\000\363\000k\000,\000\040\000r\000\366\000v\000i\000d\000\355\000t\000\351\000s\000e\000k}{section.2.1}% 5
\BOOKMARK [2][-]{subsection.2.1.4}{\376\377\000H\000i\000v\000a\000t\000k\000o\000z\000\341\000s\000o\000k}{section.2.1}% 6
\BOOKMARK [2][-]{subsection.2.1.5}{\376\377\000\326\000s\000s\000z\000e\000f\000o\000g\000l\000a\000l\000\341\000s}{section.2.1}% 7
\BOOKMARK [1][-]{section.2.2}{\376\377\000\301\000t\000t\000e\000k\000i\000n\000t\000\351\000s}{chapter.2}% 8
\BOOKMARK [2][-]{subsection.2.2.1}{\376\377\000\301\000l\000t\000a\000l\000\341\000n\000o\000s\000\040\000\341\000t\000t\000e\000k\000i\000n\000t\000\351\000s}{section.2.2}% 9
\BOOKMARK [2][-]{subsection.2.2.2}{\376\377\000F\000u\000n\000k\000c\000i\000\363\000k}{section.2.2}% 10
\BOOKMARK [2][-]{subsection.2.2.3}{\376\377\000F\000e\000l\000h\000a\000s\000z\000n\000\341\000l\000\363\000k}{section.2.2}% 11
\BOOKMARK [2][-]{subsection.2.2.4}{\376\377\000K\000o\000r\000l\000\341\000t\000o\000z\000\341\000s\000o\000k}{section.2.2}% 12
\BOOKMARK [2][-]{subsection.2.2.5}{\376\377\000F\000e\000l\000t\000\351\000t\000e\000l\000e\000z\000\351\000s\000e\000k\000,\000\040\000k\000a\000p\000c\000s\000o\000l\000a\000t\000o\000k}{section.2.2}% 13
\BOOKMARK [1][-]{section.2.3}{\376\377\000K\000\366\000v\000e\000t\000e\000l\000m\000\351\000n\000y\000e\000k}{chapter.2}% 14
\BOOKMARK [2][-]{subsection.2.3.1}{\376\377\000F\000u\000n\000k\000c\000i\000o\000n\000\341\000l\000i\000s\000\040\000k\000\366\000v\000e\000t\000e\000l\000m\000\351\000n\000y\000e\000k}{section.2.3}% 15
\BOOKMARK [2][-]{subsection.2.3.2}{\376\377\000E\000r\001\121\000f\000o\000r\000r\000\341\000s\000o\000k\000k\000a\000l\000\040\000k\000a\000p\000c\000s\000o\000l\000a\000t\000o\000s\000\040\000k\000\366\000v\000e\000t\000e\000l\000m\000\351\000n\000y\000e\000k}{section.2.3}% 16
\BOOKMARK [2][-]{subsection.2.3.3}{\376\377\000\301\000t\000a\000d\000\341\000s\000s\000a\000l\000\040\000k\000a\000p\000c\000s\000o\000l\000a\000t\000o\000s\000\040\000k\000\366\000v\000e\000t\000e\000l\000m\000\351\000n\000y\000e\000k}{section.2.3}% 17
\BOOKMARK [2][-]{subsection.2.3.4}{\376\377\000E\000g\000y\000\351\000b\000\040\000n\000e\000m\000\040\000f\000u\000n\000k\000c\000i\000o\000n\000\341\000l\000i\000s\000\040\000k\000\366\000v\000e\000t\000e\000l\000m\000\351\000n\000y\000e\000k}{section.2.3}% 18
\BOOKMARK [1][-]{section.2.4}{\376\377\000L\000\351\000n\000y\000e\000g\000e\000s\000\040\000u\000s\000e\000-\000c\000a\000s\000e\000-\000e\000k}{chapter.2}% 19
\BOOKMARK [2][-]{subsection.2.4.1}{\376\377\000U\000s\000e\000-\000c\000a\000s\000e\000\040\000l\000e\000\355\000r\000\341\000s\000o\000k}{section.2.4}% 20
\BOOKMARK [2][-]{subsection.2.4.2}{\376\377\000U\000s\000e\000-\000c\000a\000s\000e\000\040\000d\000i\000a\000g\000r\000a\000m}{section.2.4}% 21
\BOOKMARK [1][-]{section.2.5}{\376\377\000S\000z\000\363\000t\000\341\000r}{chapter.2}% 22
\BOOKMARK [1][-]{section.2.6}{\376\377\000P\000r\000o\000j\000e\000k\000t\000\040\000t\000e\000r\000v}{chapter.2}% 23
\BOOKMARK [2][-]{subsection.2.6.1}{\376\377\000P\000r\000o\000j\000e\000k\000t\000\374\000t\000e\000m\000t\000e\000r\000v}{section.2.6}% 24
\BOOKMARK [2][-]{subsection.2.6.2}{\376\377\000E\000r\001\121\000f\000o\000r\000r\000\341\000s\000o\000k\000,\000\040\000e\000s\000z\000k\000\366\000z\000\366\000k}{section.2.6}% 25
\BOOKMARK [1][-]{section.2.7}{\376\377\000N\000a\000p\000l\000\363}{chapter.2}% 26
\BOOKMARK [0][-]{chapter.3}{\376\377\000A\000n\000a\000l\000\355\000z\000i\000s\000\040\000m\000o\000d\000e\000l\000l\000\040\000k\000i\000d\000o\000l\000g\000o\000z\000\341\000s\000a\000\040\0001\000.}{}% 27
\BOOKMARK [1][-]{section.3.1}{\376\377\000O\000b\000j\000e\000k\000t\000u\000m\000\040\000k\000a\000t\000a\000l\000\363\000g\000u\000s}{chapter.3}% 28
\BOOKMARK [2][-]{subsection.3.1.1}{\376\377\000O\000b\000j\000e\000k\000t\000u\000m\0001}{section.3.1}% 29
\BOOKMARK [2][-]{subsection.3.1.2}{\376\377\000O\000b\000j\000e\000k\000t\000u\000m\0002}{section.3.1}% 30
\BOOKMARK [1][-]{section.3.2}{\376\377\000S\000t\000a\000t\000i\000k\000u\000s\000\040\000s\000t\000r\000u\000k\000t\000\372\000r\000a\000\040\000d\000i\000a\000g\000r\000a\000m\000o\000k}{chapter.3}% 31
\BOOKMARK [1][-]{section.3.3}{\376\377\000O\000s\000z\000t\000\341\000l\000y\000o\000k\000\040\000l\000e\000\355\000r\000\341\000s\000a}{chapter.3}% 32
\BOOKMARK [2][-]{subsection.3.3.1}{\376\377\000O\000s\000z\000t\000\341\000l\000y\0001}{section.3.3}% 33
\BOOKMARK [2][-]{subsection.3.3.2}{\376\377\000O\000s\000z\000t\000\341\000l\000y\0002}{section.3.3}% 34
\BOOKMARK [1][-]{section.3.4}{\376\377\000S\000t\000a\000t\000i\000k\000u\000s\000\040\000s\000t\000r\000u\000k\000t\000\372\000r\000a\000\040\000d\000i\000a\000g\000r\000a\000m\000o\000k}{chapter.3}% 35
\BOOKMARK [1][-]{section.3.5}{\376\377\000S\000z\000e\000k\000v\000e\000n\000c\000i\000a\000\040\000d\000i\000a\000g\000r\000a\000m\000o\000k}{chapter.3}% 36
\BOOKMARK [1][-]{section.3.6}{\376\377\000S\000t\000a\000t\000e\000-\000c\000h\000a\000r\000t\000o\000k}{chapter.3}% 37
\BOOKMARK [1][-]{section.3.7}{\376\377\000N\000a\000p\000l\000\363}{chapter.3}% 38
\BOOKMARK [0][-]{chapter.4}{\376\377\000A\000n\000a\000l\000\355\000z\000i\000s\000\040\000m\000o\000d\000e\000l\000l\000\040\000k\000i\000d\000o\000l\000g\000o\000z\000\341\000s\000a\000\040\0002\000.}{}% 39
\BOOKMARK [1][-]{section.4.1}{\376\377\000O\000b\000j\000e\000k\000t\000u\000m\000\040\000k\000a\000t\000a\000l\000\363\000g\000u\000s}{chapter.4}% 40
\BOOKMARK [2][-]{subsection.4.1.1}{\376\377\000O\000b\000j\000e\000k\000t\000u\000m\0001}{section.4.1}% 41
\BOOKMARK [2][-]{subsection.4.1.2}{\376\377\000O\000b\000j\000e\000k\000t\000u\000m\0002}{section.4.1}% 42
\BOOKMARK [1][-]{section.4.2}{\376\377\000S\000t\000a\000t\000i\000k\000u\000s\000\040\000s\000t\000r\000u\000k\000t\000\372\000r\000a\000\040\000d\000i\000a\000g\000r\000a\000m\000o\000k}{chapter.4}% 43
\BOOKMARK [1][-]{section.4.3}{\376\377\000O\000s\000z\000t\000\341\000l\000y\000o\000k\000\040\000l\000e\000\355\000r\000\341\000s\000a}{chapter.4}% 44
\BOOKMARK [2][-]{subsection.4.3.1}{\376\377\000O\000s\000z\000t\000\341\000l\000y\0001}{section.4.3}% 45
\BOOKMARK [2][-]{subsection.4.3.2}{\376\377\000O\000s\000z\000t\000\341\000l\000y\0002}{section.4.3}% 46
\BOOKMARK [1][-]{section.4.4}{\376\377\000S\000t\000a\000t\000i\000k\000u\000s\000\040\000s\000t\000r\000u\000k\000t\000\372\000r\000a\000\040\000d\000i\000a\000g\000r\000a\000m\000o\000k}{chapter.4}% 47
\BOOKMARK [1][-]{section.4.5}{\376\377\000S\000z\000e\000k\000v\000e\000n\000c\000i\000a\000\040\000d\000i\000a\000g\000r\000a\000m\000o\000k}{chapter.4}% 48
\BOOKMARK [1][-]{section.4.6}{\376\377\000S\000t\000a\000t\000e\000-\000c\000h\000a\000r\000t\000o\000k}{chapter.4}% 49
\BOOKMARK [1][-]{section.4.7}{\376\377\000N\000a\000p\000l\000\363}{chapter.4}% 50
\BOOKMARK [0][-]{chapter.5}{\376\377\000S\000z\000k\000e\000l\000e\000t\000o\000n\000\040\000t\000e\000r\000v\000e\000z\000\351\000s\000e}{}% 51
\BOOKMARK [1][-]{section.5.1}{\376\377\000A\000\040\000s\000z\000k\000e\000l\000e\000t\000o\000n\000\040\000m\000o\000d\000e\000l\000l\000\040\000v\000a\000l\000\363\000s\000\341\000g\000o\000s\000\040\000u\000s\000e\000-\000c\000a\000s\000e\000-\000e\000i}{chapter.5}% 52
\BOOKMARK [2][-]{subsection.5.1.1}{\376\377\000U\000s\000e\000-\000c\000a\000s\000e\000\040\000d\000i\000a\000g\000r\000a\000m}{section.5.1}% 53
\BOOKMARK [2][-]{subsection.5.1.2}{\376\377\000U\000s\000e\000-\000c\000a\000s\000e\000\040\000l\000e\000\355\000r\000\341\000s\000o\000k}{section.5.1}% 54
\BOOKMARK [1][-]{section.5.2}{\376\377\000A\000\040\000s\000z\000k\000e\000l\000e\000t\000o\000n\000\040\000k\000e\000z\000e\000l\001\121\000i\000\040\000f\000e\000l\000\374\000l\000e\000t\000\351\000n\000e\000k\000\040\000t\000e\000r\000v\000e\000,\000\040\000d\000i\000a\000l\000\363\000g\000u\000s\000o\000k}{chapter.5}% 55
\BOOKMARK [1][-]{section.5.3}{\376\377\000S\000z\000e\000k\000v\000e\000n\000c\000i\000a\000\040\000d\000i\000a\000g\000r\000a\000m\000o\000k\000\040\000a\000\040\000b\000e\000l\000s\001\121\000\040\000m\001\161\000k\000\366\000d\000\351\000s\000r\000e}{chapter.5}% 56
\BOOKMARK [1][-]{section.5.4}{\376\377\000K\000o\000m\000m\000u\000n\000i\000k\000\341\000c\000i\000\363\000s\000\040\000d\000i\000a\000g\000r\000a\000m\000o\000k}{chapter.5}% 57
\BOOKMARK [1][-]{section.5.5}{\376\377\000N\000a\000p\000l\000\363}{chapter.5}% 58
\BOOKMARK [0][-]{chapter.6}{\376\377\000S\000z\000k\000e\000l\000e\000t\000o\000n\000\040\000b\000e\000a\000d\000\341\000s}{}% 59
\BOOKMARK [1][-]{section.6.1}{\376\377\000F\000o\000r\000d\000\355\000t\000\341\000s\000i\000\040\000\351\000s\000\040\000f\000u\000t\000t\000a\000t\000\341\000s\000i\000\040\000\372\000t\000m\000u\000t\000a\000t\000\363}{chapter.6}% 60
\BOOKMARK [2][-]{subsection.6.1.1}{\376\377\000F\000\341\000j\000l\000l\000i\000s\000t\000a}{section.6.1}% 61
\BOOKMARK [2][-]{subsection.6.1.2}{\376\377\000F\000o\000r\000d\000\355\000t\000\341\000s}{section.6.1}% 62
\BOOKMARK [2][-]{subsection.6.1.3}{\376\377\000F\000u\000t\000t\000a\000t\000\341\000s}{section.6.1}% 63
\BOOKMARK [1][-]{section.6.2}{\376\377\000\311\000r\000t\000\351\000k\000e\000l\000\351\000s}{chapter.6}% 64
\BOOKMARK [1][-]{section.6.3}{\376\377\000N\000a\000p\000l\000\363}{chapter.6}% 65
\BOOKMARK [0][-]{chapter.7}{\376\377\000P\000r\000o\000t\000o\000t\000\355\000p\000u\000s\000\040\000k\000o\000n\000c\000e\000p\000c\000i\000\363\000j\000a}{}% 66
\BOOKMARK [1][-]{section.7.0}{\376\377\000V\000\341\000l\000t\000o\000z\000\341\000s\000\040\000h\000a\000t\000\341\000s\000a\000\040\000a\000\040\000m\000o\000d\000e\000l\000l\000r\000e}{chapter.7}% 67
\BOOKMARK [2][-]{subsection.7.0.1}{\376\377\000M\000\363\000d\000o\000s\000u\000l\000t\000\040\000o\000s\000z\000t\000\341\000l\000y\000d\000i\000a\000g\000r\000a\000m}{section.7.0}% 68
\BOOKMARK [2][-]{subsection.7.0.2}{\376\377\000\332\000j\000\040\000v\000a\000g\000y\000\040\000m\000e\000g\000v\000\341\000l\000t\000o\000z\000o\000t\000t\000\040\000m\000e\000t\000\363\000d\000u\000s\000o\000k}{section.7.0}% 69
\BOOKMARK [2][-]{subsection.7.0.3}{\376\377\000S\000z\000e\000k\000v\000e\000n\000c\000i\000a\000-\000d\000i\000a\000g\000r\000a\000m\000o\000k}{section.7.0}% 70
\BOOKMARK [1][-]{section.7.1}{\376\377\000P\000r\000o\000t\000o\000t\000\355\000p\000u\000s\000\040\000i\000n\000t\000e\000r\000f\000a\000c\000e\000-\000d\000e\000f\000i\000n\000\355\000c\000i\000\363\000j\000a}{chapter.7}% 71
\BOOKMARK [2][-]{subsection.7.1.1}{\376\377\000A\000z\000\040\000i\000n\000t\000e\000r\000f\000\351\000s\000z\000\040\000\341\000l\000t\000a\000l\000\341\000n\000o\000s\000\040\000l\000e\000\355\000r\000\341\000s\000a}{section.7.1}% 72
\BOOKMARK [2][-]{subsection.7.1.2}{\376\377\000B\000e\000m\000e\000n\000e\000t\000i\000\040\000n\000y\000e\000l\000v}{section.7.1}% 73
\BOOKMARK [2][-]{subsection.7.1.3}{\376\377\000K\000i\000m\000e\000n\000e\000t\000i\000\040\000n\000y\000e\000l\000v}{section.7.1}% 74
\BOOKMARK [1][-]{section.7.2}{\376\377\000\326\000s\000s\000z\000e\000s\000\040\000r\000\351\000s\000z\000l\000e\000t\000e\000s\000\040\000u\000s\000e\000-\000c\000a\000s\000e}{chapter.7}% 75
\BOOKMARK [1][-]{section.7.3}{\376\377\000T\000e\000s\000z\000t\000e\000l\000\351\000s\000i\000\040\000t\000e\000r\000v}{chapter.7}% 76
\BOOKMARK [1][-]{section.7.4}{\376\377\000T\000e\000s\000z\000t\000e\000l\000\351\000s\000t\000\040\000t\000\341\000m\000o\000g\000a\000t\000\363\000\040\000s\000e\000g\000\351\000d\000-\000\040\000\351\000s\000\040\000f\000o\000r\000d\000\355\000t\000\363\000p\000r\000o\000g\000r\000a\000m\000o\000k\000\040\000s\000p\000e\000c\000i\000f\000i\000k\000\341\000l\000\341\000s\000a}{chapter.7}% 77
\BOOKMARK [1][-]{section.7.5}{\376\377\000N\000a\000p\000l\000\363}{chapter.7}% 78
\BOOKMARK [0][-]{chapter.8}{\376\377\000R\000\351\000s\000z\000l\000e\000t\000e\000s\000\040\000t\000e\000r\000v\000e\000k}{}% 79
\BOOKMARK [1][-]{section.8.1}{\376\377\000O\000s\000z\000t\000\341\000l\000y\000o\000k\000\040\000\351\000s\000\040\000m\000e\000t\000\363\000d\000u\000s\000o\000k\000\040\000t\000e\000r\000v\000e\000i}{chapter.8}% 80
\BOOKMARK [2][-]{subsection.8.1.1}{\376\377\000O\000s\000z\000t\000\341\000l\000y\0001}{section.8.1}% 81
\BOOKMARK [2][-]{subsection.8.1.2}{\376\377\000O\000s\000z\000t\000\341\000l\000y\0002}{section.8.1}% 82
\BOOKMARK [1][-]{section.8.2}{\376\377\000A\000\040\000t\000e\000s\000z\000t\000e\000k\000\040\000r\000\351\000s\000z\000l\000e\000t\000e\000s\000\040\000t\000e\000r\000v\000e\000i\000,\000\040\000l\000e\000\355\000r\000\341\000s\000u\000k\000\040\000a\000\040\000t\000e\000s\000z\000t\000\040\000n\000y\000e\000l\000v\000\351\000n}{chapter.8}% 83
\BOOKMARK [2][-]{subsection.8.2.1}{\376\377\000T\000e\000s\000z\000t\000e\000s\000e\000t\0001}{section.8.2}% 84
\BOOKMARK [1][-]{section.8.3}{\376\377\000A\000\040\000t\000e\000s\000z\000t\000e\000l\000\351\000s\000t\000\040\000t\000\341\000m\000o\000g\000a\000t\000\363\000\040\000p\000r\000o\000g\000r\000a\000m\000o\000k\000\040\000t\000e\000r\000v\000e\000i}{chapter.8}% 85
\BOOKMARK [1][-]{section.8.4}{\376\377\000N\000a\000p\000l\000\363}{chapter.8}% 86
\BOOKMARK [0][-]{chapter.10}{\376\377\000P\000r\000o\000t\000o\000t\000\355\000p\000u\000s\000\040\000b\000e\000a\000d\000\341\000s\000a}{}% 87
\BOOKMARK [1][-]{section.10.1}{\376\377\000F\000o\000r\000d\000\355\000t\000\341\000s\000i\000\040\000\351\000s\000\040\000f\000u\000t\000t\000a\000t\000\341\000s\000i\000\040\000\372\000t\000m\000u\000t\000a\000t\000\363}{chapter.10}% 88
\BOOKMARK [2][-]{subsection.10.1.1}{\376\377\000F\000\341\000j\000l\000l\000i\000s\000t\000a}{section.10.1}% 89
\BOOKMARK [2][-]{subsection.10.1.2}{\376\377\000F\000o\000r\000d\000\355\000t\000\341\000s}{section.10.1}% 90
\BOOKMARK [2][-]{subsection.10.1.3}{\376\377\000F\000u\000t\000t\000a\000t\000\341\000s}{section.10.1}% 91
\BOOKMARK [1][-]{section.10.2}{\376\377\000T\000e\000s\000z\000t\000e\000k\000\040\000j\000e\000g\000y\000z\001\121\000k\000\366\000n\000y\000v\000e\000i}{chapter.10}% 92
\BOOKMARK [2][-]{subsection.10.2.1}{\376\377\000T\000e\000s\000z\000t\000e\000s\000e\000t\0001}{section.10.2}% 93
\BOOKMARK [1][-]{section.10.3}{\376\377\000\311\000r\000t\000\351\000k\000e\000l\000\351\000s}{chapter.10}% 94
\BOOKMARK [1][-]{section.10.4}{\376\377\000N\000a\000p\000l\000\363}{chapter.10}% 95
\BOOKMARK [0][-]{chapter.11}{\376\377\000G\000r\000a\000f\000i\000k\000u\000s\000\040\000f\000e\000l\000\374\000l\000e\000t\000\040\000s\000p\000e\000c\000i\000f\000i\000k\000\341\000c\000i\000\363\000j\000a}{}% 96
\BOOKMARK [1][-]{section.11.1}{\376\377\000A\000\040\000g\000r\000a\000f\000i\000k\000u\000s\000\040\000i\000n\000t\000e\000r\000f\000\351\000s\000z}{chapter.11}% 97
\BOOKMARK [1][-]{section.11.2}{\376\377\000A\000\040\000g\000r\000a\000f\000i\000k\000u\000s\000\040\000r\000e\000n\000d\000s\000z\000e\000r\000\040\000a\000r\000c\000h\000i\000t\000e\000k\000t\000\372\000r\000\341\000j\000a}{chapter.11}% 98
\BOOKMARK [2][-]{subsection.11.2.1}{\376\377\000A\000\040\000f\000e\000l\000\374\000l\000e\000t\000\040\000m\001\161\000k\000\366\000d\000\351\000s\000i\000\040\000e\000l\000v\000e}{section.11.2}% 99
\BOOKMARK [2][-]{subsection.11.2.2}{\376\377\000A\000\040\000f\000e\000l\000\374\000l\000e\000t\000\040\000o\000s\000z\000t\000\341\000l\000y\000-\000s\000t\000r\000u\000k\000t\000\372\000r\000\341\000j\000a}{section.11.2}% 100
\BOOKMARK [1][-]{section.11.3}{\376\377\000A\000\040\000g\000r\000a\000f\000i\000k\000u\000s\000\040\000o\000b\000j\000e\000k\000t\000u\000m\000o\000k\000\040\000f\000e\000l\000s\000o\000r\000o\000l\000\341\000s\000a}{chapter.11}% 101
\BOOKMARK [2][-]{subsection.11.3.1}{\376\377\000\332\000j\000\040\000o\000s\000z\000t\000\341\000l\000y\000o\000k}{section.11.3}% 102
\BOOKMARK [2][-]{subsection.11.3.2}{\376\377\000M\000e\000g\000v\000\341\000l\000t\000o\000z\000o\000t\000t\000\040\000o\000s\000z\000t\000\341\000l\000y\000o\000k}{section.11.3}% 103
\BOOKMARK [1][-]{section.11.4}{\376\377\000K\000a\000p\000c\000s\000o\000l\000a\000t\000\040\000a\000z\000\040\000a\000l\000k\000a\000l\000m\000a\000z\000\363\000i\000\040\000r\000e\000n\000d\000s\000z\000e\000r\000r\000e\000l}{chapter.11}% 104
\BOOKMARK [1][-]{section.11.5}{\376\377\000N\000a\000p\000l\000\363}{chapter.11}% 105
\BOOKMARK [0][-]{chapter.13}{\376\377\000G\000r\000a\000f\000i\000k\000u\000s\000\040\000f\000e\000l\000\374\000l\000e\000t\000\040\000s\000p\000e\000c\000i\000f\000i\000k\000\341\000c\000i\000\363\000j\000a}{}% 106
\BOOKMARK [1][-]{section.13.1}{\376\377\000F\000o\000r\000d\000\355\000t\000\341\000s\000i\000\040\000\351\000s\000\040\000f\000u\000t\000t\000a\000t\000\341\000s\000i\000\040\000\372\000t\000m\000u\000t\000a\000t\000\363}{chapter.13}% 107
\BOOKMARK [2][-]{subsection.13.1.1}{\376\377\000F\000\341\000j\000l\000l\000i\000s\000t\000a}{section.13.1}% 108
\BOOKMARK [2][-]{subsection.13.1.2}{\376\377\000F\000o\000r\000d\000\355\000t\000\341\000s}{section.13.1}% 109
\BOOKMARK [2][-]{subsection.13.1.3}{\376\377\000F\000u\000t\000t\000a\000t\000\341\000s}{section.13.1}% 110
\BOOKMARK [1][-]{section.13.2}{\376\377\000\311\000r\000t\000\351\000k\000e\000l\000\351\000s}{chapter.13}% 111
\BOOKMARK [1][-]{section.13.3}{\376\377\000N\000a\000p\000l\000\363}{chapter.13}% 112
\BOOKMARK [0][-]{chapter.14}{\376\377\000\326\000s\000s\000z\000e\000f\000o\000g\000l\000a\000l\000\341\000s}{}% 113
\BOOKMARK [1][-]{section.14.1}{\376\377\000A\000\040\000p\000r\000o\000j\000e\000k\000t\000r\000e\000\040\000f\000o\000r\000d\000\355\000t\000o\000t\000t\000\040\000\366\000s\000s\000z\000e\000s\000\040\000m\000u\000n\000k\000a\000i\000d\001\121}{chapter.14}% 114
\BOOKMARK [1][-]{section.14.2}{\376\377\000A\000\040\000f\000e\000l\000t\000\366\000l\000t\000\366\000t\000t\000\040\000p\000r\000o\000g\000r\000a\000m\000o\000k\000\040\000f\000o\000r\000r\000\341\000s\000s\000o\000r\000a\000i\000n\000a\000k\000\040\000m\000e\000g\000o\000s\000z\000l\000\341\000s\000a}{chapter.14}% 115
\BOOKMARK [1][-]{section.14.3}{\376\377\000P\000r\000o\000j\000e\000k\000t\000\040\000\366\000s\000s\000z\000e\000g\000z\000\351\000s}{chapter.14}% 116
