This is pdfTeX, Version 3.141592653-2.6-1.40.27 (TeX Live 2025) (preloaded format=pdflatex 2025.5.17)  25 FEB 2026 13:57
entering extended mode
 restricted \write18 enabled.
 file:line:error style messages enabled.
 %&-line parsing enabled.
**"/Users/davidtoth/Downloads/Projlab-LaTex-Sablon-master 2/projlab.tex"
(/Users/davidtoth/Downloads/Projlab-LaTex-Sablon-master 2/projlab.tex
LaTeX2e <2024-11-01> patch level 2
L3 programming layer <2025-01-18>
(/usr/local/texlive/2025basic/texmf-dist/tex/latex/base/book.cls
Document Class: book 2024/06/29 v1.4n Standard LaTeX document class
(/usr/local/texlive/2025basic/texmf-dist/tex/latex/base/bk12.clo
File: bk12.clo 2024/06/29 v1.4n Standard LaTeX file (size option)
)
\c@part=\count196
\c@chapter=\count197
\c@section=\count198
\c@subsection=\count199
\c@subsubsection=\count266
\c@paragraph=\count267
\c@subparagraph=\count268
\c@figure=\count269
\c@table=\count270
\abovecaptionskip=\skip49
\belowcaptionskip=\skip50
\bibindent=\dimen141
) (/usr/local/texlive/2025basic/texmf-dist/tex/latex/geometry/geometry.sty
Package: geometry 2020/01/02 v5.9 Page Geometry
 (/usr/local/texlive/2025basic/texmf-dist/tex/latex/graphics/keyval.sty
Package: keyval 2022/05/29 v1.15 key=value parser (DPC)
\KV@toks@=\toks17
) (/usr/local/texlive/2025basic/texmf-dist/tex/generic/iftex/ifvtex.sty
Package: ifvtex 2019/10/25 v1.7 ifvtex legacy package. Use iftex instead.
 (/usr/local/texlive/2025basic/texmf-dist/tex/generic/iftex/iftex.sty
Package: iftex 2024/12/12 v1.0g TeX engine tests
))
\Gm@cnth=\count271
\Gm@cntv=\count272
\c@Gm@tempcnt=\count273
\Gm@bindingoffset=\dimen142
\Gm@wd@mp=\dimen143
\Gm@odd@mp=\dimen144
\Gm@even@mp=\dimen145
\Gm@layoutwidth=\dimen146
\Gm@layoutheight=\dimen147
\Gm@layouthoffset=\dimen148
\Gm@layoutvoffset=\dimen149
\Gm@dimlist=\toks18
) (/usr/local/texlive/2025basic/texmf-dist/tex/latex/base/inputenc.sty
Package: inputenc 2024/02/08 v1.3d Input encoding file
\inpenc@prehook=\toks19
\inpenc@posthook=\toks20
) (/usr/local/texlive/2025basic/texmf-dist/tex/generic/babel/babel.sty
Package: babel 2025/02/14 v25.4 The multilingual framework for pdfLaTeX, LuaLaTeX and XeLaTeX
\babel@savecnt=\count274
\U@D=\dimen150
\l@unhyphenated=\language23
 (/usr/local/texlive/2025basic/texmf-dist/tex/generic/babel/txtbabel.def)
\bbl@readstream=\read2
\bbl@dirlevel=\count275
 (/usr/local/texlive/2025basic/texmf-dist/tex/generic/babel-hungarian/magyar.ldf
Language: magyar 2019/01/14 v1.5c Magyar (Hungarian) support for babel
Package babel Info: Making ` an active character on input line 2819.
\c@footnote@add=\count276
\c@footnote@ch=\count277
)) (/usr/local/texlive/2025basic/texmf-dist/tex/generic/babel/locale/hu/babel-magyar.tex
Package babel Info: Importing font and identification data for magyar
(babel)             from babel-hu.ini. Reported on input line 11.
) (/usr/local/texlive/2025basic/texmf-dist/tex/latex/hyperref/hyperref.sty
Package: hyperref 2024-11-05 v7.01l Hypertext links for LaTeX
 (/usr/local/texlive/2025basic/texmf-dist/tex/latex/kvsetkeys/kvsetkeys.sty
Package: kvsetkeys 2022-10-05 v1.19 Key value parser (HO)
) (/usr/local/texlive/2025basic/texmf-dist/tex/generic/kvdefinekeys/kvdefinekeys.sty
Package: kvdefinekeys 2019-12-19 v1.6 Define keys (HO)
) (/usr/local/texlive/2025basic/texmf-dist/tex/generic/pdfescape/pdfescape.sty
Package: pdfescape 2019/12/09 v1.15 Implements pdfTeX's escape features (HO)
 (/usr/local/texlive/2025basic/texmf-dist/tex/generic/ltxcmds/ltxcmds.sty
Package: ltxcmds 2023-12-04 v1.26 LaTeX kernel commands for general use (HO)
) (/usr/local/texlive/2025basic/texmf-dist/tex/generic/pdftexcmds/pdftexcmds.sty
Package: pdftexcmds 2020-06-27 v0.33 Utility functions of pdfTeX for LuaTeX (HO)
 (/usr/local/texlive/2025basic/texmf-dist/tex/generic/infwarerr/infwarerr.sty
Package: infwarerr 2019/12/03 v1.5 Providing info/warning/error messages (HO)
)
Package pdftexcmds Info: \pdf@primitive is available.
Package pdftexcmds Info: \pdf@ifprimitive is available.
Package pdftexcmds Info: \pdfdraftmode found.
)) (/usr/local/texlive/2025basic/texmf-dist/tex/latex/hycolor/hycolor.sty
Package: hycolor 2020-01-27 v1.10 Color options for hyperref/bookmark (HO)
) (/usr/local/texlive/2025basic/texmf-dist/tex/latex/hyperref/nameref.sty
Package: nameref 2023-11-26 v2.56 Cross-referencing by name of section
 (/usr/local/texlive/2025basic/texmf-dist/tex/latex/refcount/refcount.sty
Package: refcount 2019/12/15 v3.6 Data extraction from label references (HO)
) (/usr/local/texlive/2025basic/texmf-dist/tex/generic/gettitlestring/gettitlestring.sty
Package: gettitlestring 2019/12/15 v1.6 Cleanup title references (HO)
 (/usr/local/texlive/2025basic/texmf-dist/tex/latex/kvoptions/kvoptions.sty
Package: kvoptions 2022-06-15 v3.15 Key value format for package options (HO)
))
\c@section@level=\count278
) (/usr/local/texlive/2025basic/texmf-dist/tex/latex/etoolbox/etoolbox.sty
Package: etoolbox 2025/02/11 v2.5l e-TeX tools for LaTeX (JAW)
\etb@tempcnta=\count279
) (/usr/local/texlive/2025basic/texmf-dist/tex/generic/stringenc/stringenc.sty
Package: stringenc 2019/11/29 v1.12 Convert strings between diff. encodings (HO)
)
\@linkdim=\dimen151
\Hy@linkcounter=\count280
\Hy@pagecounter=\count281
 (/usr/local/texlive/2025basic/texmf-dist/tex/latex/hyperref/pd1enc.def
File: pd1enc.def 2024-11-05 v7.01l Hyperref: PDFDocEncoding definition (HO)
Now handling font encoding PD1 ...
... no UTF-8 mapping file for font encoding PD1
) (/usr/local/texlive/2025basic/texmf-dist/tex/generic/intcalc/intcalc.sty
Package: intcalc 2019/12/15 v1.3 Expandable calculations with integers (HO)
)
\Hy@SavedSpaceFactor=\count282
 (/usr/local/texlive/2025basic/texmf-dist/tex/latex/hyperref/puenc.def
File: puenc.def 2024-11-05 v7.01l Hyperref: PDF Unicode definition (HO)
Now handling font encoding PU ...
... no UTF-8 mapping file for font encoding PU
)
Package hyperref Info: Hyper figures OFF on input line 4157.
Package hyperref Info: Link nesting OFF on input line 4162.
Package hyperref Info: Hyper index ON on input line 4165.
Package hyperref Info: Plain pages OFF on input line 4172.
Package hyperref Info: Backreferencing OFF on input line 4177.
Package hyperref Info: Implicit mode ON; LaTeX internals redefined.
Package hyperref Info: Bookmarks ON on input line 4424.
\c@Hy@tempcnt=\count283
 (/usr/local/texlive/2025basic/texmf-dist/tex/latex/url/url.sty
\Urlmuskip=\muskip17
Package: url 2013/09/16  ver 3.4  Verb mode for urls, etc.
)
LaTeX Info: Redefining \url on input line 4763.
\XeTeXLinkMargin=\dimen152
 (/usr/local/texlive/2025basic/texmf-dist/tex/generic/bitset/bitset.sty
Package: bitset 2019/12/09 v1.3 Handle bit-vector datatype (HO)
 (/usr/local/texlive/2025basic/texmf-dist/tex/generic/bigintcalc/bigintcalc.sty
Package: bigintcalc 2019/12/15 v1.5 Expandable calculations on big integers (HO)
))
\Fld@menulength=\count284
\Field@Width=\dimen153
\Fld@charsize=\dimen154
Package hyperref Info: Hyper figures OFF on input line 6042.
Package hyperref Info: Link nesting OFF on input line 6047.
Package hyperref Info: Hyper index ON on input line 6050.
Package hyperref Info: backreferencing OFF on input line 6057.
Package hyperref Info: Link coloring OFF on input line 6062.
Package hyperref Info: Link coloring with OCG OFF on input line 6067.
Package hyperref Info: PDF/A mode OFF on input line 6072.
 (/usr/local/texlive/2025basic/texmf-dist/tex/latex/base/atbegshi-ltx.sty
Package: atbegshi-ltx 2021/01/10 v1.0c Emulation of the original atbegshi
package with kernel methods
)
\Hy@abspage=\count285
\c@Item=\count286
\c@Hfootnote=\count287
)
Package hyperref Info: Driver (autodetected): hpdftex.
 (/usr/local/texlive/2025basic/texmf-dist/tex/latex/hyperref/hpdftex.def
File: hpdftex.def 2024-11-05 v7.01l Hyperref driver for pdfTeX
 (/usr/local/texlive/2025basic/texmf-dist/tex/latex/base/atveryend-ltx.sty
Package: atveryend-ltx 2020/08/19 v1.0a Emulation of the original atveryend package
with kernel methods
)
\Fld@listcount=\count288
\c@bookmark@seq@number=\count289
 (/usr/local/texlive/2025basic/texmf-dist/tex/latex/rerunfilecheck/rerunfilecheck.sty
Package: rerunfilecheck 2022-07-10 v1.10 Rerun checks for auxiliary files (HO)
 (/usr/local/texlive/2025basic/texmf-dist/tex/generic/uniquecounter/uniquecounter.sty
Package: uniquecounter 2019/12/15 v1.4 Provide unlimited unique counter (HO)
)
Package uniquecounter Info: New unique counter `rerunfilecheck' on input line 285.
)
\Hy@SectionHShift=\skip51
) (/usr/local/texlive/2025basic/texmf-dist/tex/latex/graphics/graphicx.sty
Package: graphicx 2021/09/16 v1.2d Enhanced LaTeX Graphics (DPC,SPQR)
 (/usr/local/texlive/2025basic/texmf-dist/tex/latex/graphics/graphics.sty
Package: graphics 2024/08/06 v1.4g Standard LaTeX Graphics (DPC,SPQR)
 (/usr/local/texlive/2025basic/texmf-dist/tex/latex/graphics/trig.sty
Package: trig 2023/12/02 v1.11 sin cos tan (DPC)
) (/usr/local/texlive/2025basic/texmf-dist/tex/latex/graphics-cfg/graphics.cfg
File: graphics.cfg 2016/06/04 v1.11 sample graphics configuration
)
Package graphics Info: Driver file: pdftex.def on input line 106.
 (/usr/local/texlive/2025basic/texmf-dist/tex/latex/graphics-def/pdftex.def
File: pdftex.def 2024/04/13 v1.2c Graphics/color driver for pdftex
))
\Gin@req@height=\dimen155
\Gin@req@width=\dimen156
) (/usr/local/texlive/2025basic/texmf-dist/tex/latex/comment/comment.sty
\CommentStream=\write3
 Excluding comment 'comment') (/usr/local/texlive/2025basic/texmf-dist/tex/latex/amscls/amsthm.sty
Package: amsthm 2020/05/29 v2.20.6
\thm@style=\toks21
\thm@bodyfont=\toks22
\thm@headfont=\toks23
\thm@notefont=\toks24
\thm@headpunct=\toks25
\thm@preskip=\skip52
\thm@postskip=\skip53
\thm@headsep=\skip54
\dth@everypar=\toks26
) (/usr/local/texlive/2025basic/texmf-dist/tex/latex/mnsymbol/MnSymbol.sty
Package: MnSymbol 2007/01/21 v1.4 support for the MnSymbol font
 (/usr/local/texlive/2025basic/texmf-dist/tex/latex/amsmath/amsmath.sty
Package: amsmath 2024/11/05 v2.17t AMS math features
\@mathmargin=\skip55

For additional information on amsmath, use the `?' option.
(/usr/local/texlive/2025basic/texmf-dist/tex/latex/amsmath/amstext.sty
Package: amstext 2021/08/26 v2.01 AMS text
 (/usr/local/texlive/2025basic/texmf-dist/tex/latex/amsmath/amsgen.sty
File: amsgen.sty 1999/11/30 v2.0 generic functions
\@emptytoks=\toks27
\ex@=\dimen157
)) (/usr/local/texlive/2025basic/texmf-dist/tex/latex/amsmath/amsbsy.sty
Package: amsbsy 1999/11/29 v1.2d Bold Symbols
\pmbraise@=\dimen158
) (/usr/local/texlive/2025basic/texmf-dist/tex/latex/amsmath/amsopn.sty
Package: amsopn 2022/04/08 v2.04 operator names
)
\inf@bad=\count290
LaTeX Info: Redefining \frac on input line 233.
\uproot@=\count291
\leftroot@=\count292
LaTeX Info: Redefining \overline on input line 398.
LaTeX Info: Redefining \colon on input line 409.
\classnum@=\count293
\DOTSCASE@=\count294
LaTeX Info: Redefining \ldots on input line 495.
LaTeX Info: Redefining \dots on input line 498.
LaTeX Info: Redefining \cdots on input line 619.
\Mathstrutbox@=\box52
\strutbox@=\box53
LaTeX Info: Redefining \big on input line 721.
LaTeX Info: Redefining \Big on input line 722.
LaTeX Info: Redefining \bigg on input line 723.
LaTeX Info: Redefining \Bigg on input line 724.
\big@size=\dimen159
LaTeX Font Info:    Redeclaring font encoding OML on input line 742.
LaTeX Font Info:    Redeclaring font encoding OMS on input line 743.
\macc@depth=\count295
LaTeX Info: Redefining \bmod on input line 904.
LaTeX Info: Redefining \pmod on input line 909.
LaTeX Info: Redefining \smash on input line 939.
LaTeX Info: Redefining \relbar on input line 969.
LaTeX Info: Redefining \Relbar on input line 970.
\c@MaxMatrixCols=\count296
\dotsspace@=\muskip18
\c@parentequation=\count297
\dspbrk@lvl=\count298
\tag@help=\toks28
\row@=\count299
\column@=\count300
\maxfields@=\count301
\andhelp@=\toks29
\eqnshift@=\dimen160
\alignsep@=\dimen161
\tagshift@=\dimen162
\tagwidth@=\dimen163
\totwidth@=\dimen164
\lineht@=\dimen165
\@envbody=\toks30
\multlinegap=\skip56
\multlinetaggap=\skip57
\mathdisplay@stack=\toks31
LaTeX Info: Redefining \[ on input line 2953.
LaTeX Info: Redefining \] on input line 2954.
) (/usr/local/texlive/2025basic/texmf-dist/tex/latex/base/textcomp.sty
Package: textcomp 2024/04/24 v2.1b Standard LaTeX package
) (/usr/local/texlive/2025basic/texmf-dist/tex/latex/amsfonts/eufrak.sty
Package: eufrak 2009/06/22 v3.00 Euler Fraktur fonts
LaTeX Font Info:    Overwriting math alphabet `\EuFrak' in version `bold'
(Font)                  U/euf/m/n --> U/euf/b/n on input line 39.
)
LaTeX Info: Redefining \dagger on input line 84.
LaTeX Info: Redefining \ddagger on input line 84.
LaTeX Info: Redefining \mathparagraph on input line 84.
LaTeX Info: Redefining \mathsection on input line 84.
LaTeX Info: Redefining \mathdollar on input line 84.
LaTeX Info: Redefining \mathsterling on input line 84.
LaTeX Info: Redefining \Re on input line 84.
LaTeX Info: Redefining \Im on input line 84.
\symMnSyA=\mathgroup4
\symMnSyB=\mathgroup5
\symMnSyC=\mathgroup6
\symMnSyD=\mathgroup7
LaTeX Font Info:    Redeclaring symbol font `largesymbols' on input line 119.
LaTeX Font Info:    Overwriting symbol font `largesymbols' in version `normal'
(Font)                  OMX/cmex/m/n --> OMX/MnSymbolE/m/n on input line 119.
LaTeX Font Info:    Overwriting symbol font `largesymbols' in version `bold'
(Font)                  OMX/cmex/m/n --> OMX/MnSymbolE/m/n on input line 119.
LaTeX Font Info:    Redeclaring symbol font `symbols' on input line 120.
LaTeX Font Info:    Encoding `OMS' has changed to `U' for symbol font
(Font)              `symbols' in the math version `normal' on input line 120.
LaTeX Font Info:    Overwriting symbol font `symbols' in version `normal'
(Font)                  OMS/cmsy/m/n --> U/MnSymbolF/m/n on input line 120.
LaTeX Font Info:    Encoding `OMS' has changed to `U' for symbol font
(Font)              `symbols' in the math version `bold' on input line 120.
LaTeX Font Info:    Overwriting symbol font `symbols' in version `bold'
(Font)                  OMS/cmsy/b/n --> U/MnSymbolF/m/n on input line 120.
LaTeX Font Info:    Overwriting symbol font `MnSyA' in version `bold'
(Font)                  U/MnSymbolA/m/n --> U/MnSymbolA/b/n on input line 121.
LaTeX Font Info:    Overwriting symbol font `MnSyB' in version `bold'
(Font)                  U/MnSymbolB/m/n --> U/MnSymbolB/b/n on input line 122.
LaTeX Font Info:    Overwriting symbol font `MnSyC' in version `bold'
(Font)                  U/MnSymbolC/m/n --> U/MnSymbolC/b/n on input line 123.
LaTeX Font Info:    Overwriting symbol font `MnSyD' in version `bold'
(Font)                  U/MnSymbolD/m/n --> U/MnSymbolD/b/n on input line 124.
LaTeX Font Info:    Overwriting symbol font `largesymbols' in version `bold'
(Font)                  OMX/MnSymbolE/m/n --> OMX/MnSymbolE/b/n on input line 125.
LaTeX Font Info:    Overwriting symbol font `symbols' in version `bold'
(Font)                  U/MnSymbolF/m/n --> U/MnSymbolF/b/n on input line 126.
LaTeX Font Info:    Redeclaring math alphabet \mathcal on input line 241.
LaTeX Font Info:    Overwriting math alphabet `\mathcal' in version `bold'
(Font)                  OMS/MnSymbolS/m/n --> OMS/MnSymbolS/b/n on input line 241.
LaTeX Info: Redefining \longrightarrow on input line 548.
LaTeX Info: Redefining \longleftarrow on input line 549.
LaTeX Info: Redefining \longleftrightarrow on input line 550.
LaTeX Info: Redefining \Longrightarrow on input line 551.
LaTeX Info: Redefining \Longleftarrow on input line 552.
LaTeX Info: Redefining \Longleftrightarrow on input line 553.
LaTeX Info: Redefining \longmapsto on input line 554.
LaTeX Info: Redefining \vdots on input line 868.
LaTeX Font Info:    Redeclaring math symbol \braceld on input line 1721.
LaTeX Font Info:    Redeclaring math symbol \bracelu on input line 1722.
LaTeX Font Info:    Redeclaring math symbol \bracerd on input line 1723.
LaTeX Font Info:    Redeclaring math symbol \braceru on input line 1724.
LaTeX Info: Redefining \downbracefill on input line 1799.
LaTeX Info: Redefining \upbracefill on input line 1800.
LaTeX Info: Redefining \overbrace on input line 1819.
LaTeX Info: Redefining \underbrace on input line 1820.
LaTeX Info: Redefining \surd on input line 1843.
LaTeX Font Info:    Redeclaring math accent \widehat on input line 1845.
LaTeX Font Info:    Redeclaring math accent \widetilde on input line 1846.
LaTeX Font Info:    Redeclaring math accent \vec on input line 1848.
) (/usr/local/texlive/2025basic/texmf-dist/tex/latex/wasysym/wasysym.sty
Package: wasysym 2020/01/19 v2.4 Wasy-2 symbol support package
\symwasy=\mathgroup8
LaTeX Font Info:    Overwriting symbol font `wasy' in version `bold'
(Font)                  U/wasy/m/n --> U/wasy/b/n on input line 93.
LaTeX Font Info:    Redeclaring math symbol \invneg on input line 242.
) (/usr/local/texlive/2025basic/texmf-dist/tex/latex/fancyhdr/fancyhdr.sty
Package: fancyhdr 2025/02/07 v5.2 Extensive control of page headers and footers
\f@nch@headwidth=\skip58
\f@nch@offset@elh=\skip59
\f@nch@offset@erh=\skip60
\f@nch@offset@olh=\skip61
\f@nch@offset@orh=\skip62
\f@nch@offset@elf=\skip63
\f@nch@offset@erf=\skip64
\f@nch@offset@olf=\skip65
\f@nch@offset@orf=\skip66
\f@nch@height=\skip67
\f@nch@footalignment=\skip68
\f@nch@widthL=\skip69
\f@nch@widthC=\skip70
\f@nch@widthR=\skip71
\@temptokenb=\toks32
) (/usr/local/texlive/2025basic/texmf-dist/tex/latex/tools/longtable.sty
Package: longtable 2024-10-27 v4.22 Multi-page Table package (DPC)
\LTleft=\skip72
\LTright=\skip73
\LTpre=\skip74
\LTpost=\skip75
\LTchunksize=\count302
\LTcapwidth=\dimen166
\LT@head=\box54
\LT@firsthead=\box55
\LT@foot=\box56
\LT@lastfoot=\box57
\LT@gbox=\box58
\LT@cols=\count303
\LT@rows=\count304
\c@LT@tables=\count305
\c@LT@chunks=\count306
\LT@p@ftn=\toks33
) (/usr/local/texlive/2025basic/texmf-dist/tex/latex/changepage/changepage.sty
Package: changepage 2009/10/20 v1.0c check page and change page layout
\c@cp@cntr=\count307
\cp@tempcnt=\count308
) (/usr/local/texlive/2025basic/texmf-dist/tex/latex/xcolor/xcolor.sty
Package: xcolor 2024/09/29 v3.02 LaTeX color extensions (UK)
 (/usr/local/texlive/2025basic/texmf-dist/tex/latex/graphics-cfg/color.cfg
File: color.cfg 2016/01/02 v1.6 sample color configuration
)
Package xcolor Info: Driver file: pdftex.def on input line 274.
 (/usr/local/texlive/2025basic/texmf-dist/tex/latex/graphics/mathcolor.ltx)
Package xcolor Info: Model `cmy' substituted by `cmy0' on input line 1349.
Package xcolor Info: Model `hsb' substituted by `rgb' on input line 1353.
Package xcolor Info: Model `RGB' extended on input line 1365.
Package xcolor Info: Model `HTML' substituted by `rgb' on input line 1367.
Package xcolor Info: Model `Hsb' substituted by `hsb' on input line 1368.
Package xcolor Info: Model `tHsb' substituted by `hsb' on input line 1369.
Package xcolor Info: Model `HSB' substituted by `hsb' on input line 1370.
Package xcolor Info: Model `Gray' substituted by `gray' on input line 1371.
Package xcolor Info: Model `wave' substituted by `hsb' on input line 1372.
) (/usr/local/texlive/2025basic/texmf-dist/tex/latex/algorithmicx/algorithmicx.sty
Package: algorithmicx 2005/04/27 v1.2 Algorithmicx
 (/usr/local/texlive/2025basic/texmf-dist/tex/latex/base/ifthen.sty
Package: ifthen 2024/03/16 v1.1e Standard LaTeX ifthen package (DPC)
)
Document Style algorithmicx 1.2 - a greatly improved `algorithmic' style
\c@ALG@line=\count309
\c@ALG@rem=\count310
\c@ALG@nested=\count311
\ALG@tlm=\skip76
\ALG@thistlm=\skip77
\c@ALG@Lnr=\count312
\c@ALG@blocknr=\count313
\c@ALG@storecount=\count314
\c@ALG@tmpcounter=\count315
\ALG@tmplength=\skip78
) (/usr/local/texlive/2025basic/texmf-dist/tex/latex/listings/listings.sty
\lst@mode=\count316
\lst@gtempboxa=\box59
\lst@token=\toks34
\lst@length=\count317
\lst@currlwidth=\dimen167
\lst@column=\count318
\lst@pos=\count319
\lst@lostspace=\dimen168
\lst@width=\dimen169
\lst@newlines=\count320
\lst@lineno=\count321
\lst@maxwidth=\dimen170
 (/usr/local/texlive/2025basic/texmf-dist/tex/latex/listings/lstpatch.sty
File: lstpatch.sty 2024/09/23 1.10c (Carsten Heinz)
) (/usr/local/texlive/2025basic/texmf-dist/tex/latex/listings/lstmisc.sty
File: lstmisc.sty 2024/09/23 1.10c (Carsten Heinz)
\c@lstnumber=\count322
\lst@skipnumbers=\count323
\lst@framebox=\box60
) (/usr/local/texlive/2025basic/texmf-dist/tex/latex/listings/listings.cfg
File: listings.cfg 2024/09/23 1.10c listings configuration
))
Package: listings 2024/09/23 1.10c (Carsten Heinz)
 (/usr/local/texlive/2025basic/texmf-dist/tex/latex/l3backend/l3backend-pdftex.def
File: l3backend-pdftex.def 2024-05-08 L3 backend support: PDF output (pdfTeX)
\l__color_backend_stack_int=\count324
\l__pdf_internal_box=\box61
)
No file projlab.aux.
\openout1 = `projlab.aux'.

LaTeX Font Info:    Checking defaults for OML/cmm/m/it on input line 34.
LaTeX Font Info:    ... okay on input line 34.
LaTeX Font Info:    Checking defaults for OMS/cmsy/m/n on input line 34.
LaTeX Font Info:    ... okay on input line 34.
LaTeX Font Info:    Checking defaults for OT1/cmr/m/n on input line 34.
LaTeX Font Info:    ... okay on input line 34.
LaTeX Font Info:    Checking defaults for T1/cmr/m/n on input line 34.
LaTeX Font Info:    ... okay on input line 34.
LaTeX Font Info:    Checking defaults for TS1/cmr/m/n on input line 34.
LaTeX Font Info:    ... okay on input line 34.
LaTeX Font Info:    Checking defaults for OMX/cmex/m/n on input line 34.
LaTeX Font Info:    ... okay on input line 34.
LaTeX Font Info:    Checking defaults for U/cmr/m/n on input line 34.
LaTeX Font Info:    ... okay on input line 34.
LaTeX Font Info:    Checking defaults for PD1/pdf/m/n on input line 34.
LaTeX Font Info:    ... okay on input line 34.
LaTeX Font Info:    Checking defaults for PU/pdf/m/n on input line 34.
LaTeX Font Info:    ... okay on input line 34.
*geometry* driver: auto-detecting
*geometry* detected driver: pdftex
*geometry* verbose mode - [ preamble ] result:
* driver: pdftex
* paper: a4paper
* layout: <same size as paper>
* layoutoffset:(h,v)=(0.0pt,0.0pt)
* modes: twoside 
* h-part:(L,W,R)=(72.26999pt, 452.9679pt, 72.26999pt)
* v-part:(T,H,B)=(72.26999pt, 700.50687pt, 72.26999pt)
* \paperwidth=597.50787pt
* \paperheight=845.04684pt
* \textwidth=452.9679pt
* \textheight=700.50687pt
* \oddsidemargin=0.0pt
* \evensidemargin=0.0pt
* \topmargin=-31.8738pt
* \headheight=12.0pt
* \headsep=19.8738pt
* \topskip=12.0pt
* \footskip=30.0pt
* \marginparwidth=88.0pt
* \marginparsep=7.0pt
* \columnsep=10.0pt
* \skip\footins=10.8pt plus 4.0pt minus 2.0pt
* \hoffset=0.0pt
* \voffset=0.0pt
* \mag=1000
* \@twocolumnfalse
* \@twosidetrue
* \@mparswitchtrue
* \@reversemarginfalse
* (1in=72.27pt=25.4mm, 1cm=28.453pt)


LaTeX Warning: Please use \usepackage{t1enc} with
               \usepackage[magyar]{babel}, to get accented chars hyphenated.

Package hyperref Info: Link coloring OFF on input line 34.
\@outlinefile=\write4
\openout4 = `projlab.out'.

(/usr/local/texlive/2025basic/texmf-dist/tex/context/base/mkii/supp-pdf.mkii
[Loading MPS to PDF converter (version 2006.09.02).]
\scratchcounter=\count325
\scratchdimen=\dimen171
\scratchbox=\box62
\nofMPsegments=\count326
\nofMParguments=\count327
\everyMPshowfont=\toks35
\MPscratchCnt=\count328
\MPscratchDim=\dimen172
\MPnumerator=\count329
\makeMPintoPDFobject=\count330
\everyMPtoPDFconversion=\toks36
) (/usr/local/texlive/2025basic/texmf-dist/tex/latex/epstopdf-pkg/epstopdf-base.sty
Package: epstopdf-base 2020-01-24 v2.11 Base part for package epstopdf
Package epstopdf-base Info: Redefining graphics rule for `.eps' on input line 485.
 (/usr/local/texlive/2025basic/texmf-dist/tex/latex/latexconfig/epstopdf-sys.cfg
File: epstopdf-sys.cfg 2010/07/13 v1.3 Configuration of (r)epstopdf for TeX Live
))
\c@lstlisting=\count331
 (/usr/local/texlive/2025basic/texmf-dist/tex/latex/base/book.cls
LaTeX Info: Redefining \cal on input line 583.
LaTeX Info: Redefining \mit on input line 584.
)
<docs/img/BMElogo.png, id=4, 975.645pt x 273.02pt>
File: docs/img/BMElogo.png Graphic file (type png)
<use docs/img/BMElogo.png>
Package pdftex.def Info: docs/img/BMElogo.png  used on input line 37.
(pdftex.def)             Requested size: 142.26378pt x 39.80975pt.
LaTeX Font Info:    Trying to load font information for U+wasy on input line 58.
 (/usr/local/texlive/2025basic/texmf-dist/tex/latex/wasysym/uwasy.fd
File: uwasy.fd 2020/01/19 v2.4 Wasy-2 symbol font definitions
)
/Users/davidtoth/Downloads/Projlab-LaTex-Sablon-master 2/projlab.tex:58: Font U/wasy/m/n/12=wasy10 at 12.0pt not loadable: Metric (TFM) file not found.
<to be read again> 
                   relax 
l.58 		\begin{tabular}
                      {l l l} %kitĂ¶ltendĹ‘
I wasn't able to read the size data for this font,
so I will ignore the font specification.
[Wizards can fix TFM files using TFtoPL/PLtoTF.]
You might try inserting a different font spec;
e.g., type `I\font<same font id>=<substitute font name>'.

/Users/davidtoth/Downloads/Projlab-LaTex-Sablon-master 2/projlab.tex:58: Font U/wasy/m/n/8=wasy8 at 8.0pt not loadable: Metric (TFM) file not found.
<to be read again> 
                   relax 
l.58 		\begin{tabular}
                      {l l l} %kitĂ¶ltendĹ‘
I wasn't able to read the size data for this font,
so I will ignore the font specification.
[Wizards can fix TFM files using TFtoPL/PLtoTF.]
You might try inserting a different font spec;
e.g., type `I\font<same font id>=<substitute font name>'.

/Users/davidtoth/Downloads/Projlab-LaTex-Sablon-master 2/projlab.tex:58: Font U/wasy/m/n/6=wasy6 at 6.0pt not loadable: Metric (TFM) file not found.
<to be read again> 
                   relax 
l.58 		\begin{tabular}
                      {l l l} %kitĂ¶ltendĹ‘
I wasn't able to read the size data for this font,
so I will ignore the font specification.
[Wizards can fix TFM files using TFtoPL/PLtoTF.]
You might try inserting a different font spec;
e.g., type `I\font<same font id>=<substitute font name>'.



[1



{/usr/local/texlive/2025basic/texmf-var/fonts/map/pdftex/updmap/pdftex.map} <./docs/img/BMElogo.png>] (./definitions.tex
\c@defi=\count332
\c@rov=\count333
) (./docs/bead02/02doc.tex


Package fancyhdr Warning: \headheight is too small (12.0pt): 
(fancyhdr)                Make it at least 14.49998pt, for example:
(fancyhdr)                \setlength{\headheight}{14.49998pt}.
(fancyhdr)                You might also make \topmargin smaller:
(fancyhdr)                \addtolength{\topmargin}{-2.49998pt}.

[2]
2. fejezet.
Missing character: There is no ^^Q in font nullfont!


[3

]
Overfull \hbox (1.36395pt too wide) in paragraph at lines 58--58
[]\OT1/cmr/bx/n/12 Azonos^^S^^Pt^^So| 
 []


Overfull \hbox (5.37064pt too wide) in paragraph at lines 58--61
[] 
 []


Underfull \hbox (badness 10000) in paragraph at lines 58--61

 []


Overfull \hbox (1.36395pt too wide) in paragraph at lines 71--71
[]\OT1/cmr/bx/n/12 Azonos^^S^^Pt^^So| 
 []


Underfull \hbox (badness 10000) in paragraph at lines 71--74

 []




Package fancyhdr Warning: \headheight is too small (12.0pt): 
(fancyhdr)                Make it at least 15.71667pt, for example:
(fancyhdr)                \setlength{\headheight}{15.71667pt}.
(fancyhdr)                You might also make \topmargin smaller:
(fancyhdr)                \addtolength{\topmargin}{-3.71667pt}.

[4]
Overfull \hbox (1.36395pt too wide) in paragraph at lines 82--82
[]\OT1/cmr/bx/n/12 Azonos^^S^^Pt^^So| 
 []


Underfull \hbox (badness 10000) in paragraph at lines 82--85

 []


Overfull \hbox (1.36395pt too wide) in paragraph at lines 93--93
[]\OT1/cmr/bx/n/12 Azonos^^S^^Pt^^So| 
 []


Underfull \hbox (badness 10000) in paragraph at lines 93--96

 []


LaTeX Font Warning: Font shape `OT1/cmr/bx/sc' undefined
(Font)              using `OT1/cmr/bx/n' instead on input line 107.


Underfull \hbox (badness 10000) in paragraph at lines 107--112
[]
 []


Underfull \hbox (badness 10000) in paragraph at lines 107--112

 []

File: docs/img/BMElogo.png Graphic file (type png)
<use docs/img/BMElogo.png>
Package pdftex.def Info: docs/img/BMElogo.png  used on input line 114.
(pdftex.def)             Requested size: 113.81102pt x 31.84447pt.



Package fancyhdr Warning: \headheight is too small (12.0pt): 
(fancyhdr)                Make it at least 15.71667pt, for example:
(fancyhdr)                \setlength{\headheight}{15.71667pt}.
(fancyhdr)                You might also make \topmargin smaller:
(fancyhdr)                \addtolength{\topmargin}{-3.71667pt}.

[5]

Package longtable Warning: Column widths have changed
(longtable)                in table 2.2 on input line 141.




Package fancyhdr Warning: \headheight is too small (12.0pt): 
(fancyhdr)                Make it at least 15.71667pt, for example:
(fancyhdr)                \setlength{\headheight}{15.71667pt}.
(fancyhdr)                You might also make \topmargin smaller:
(fancyhdr)                \addtolength{\topmargin}{-3.71667pt}.

[6])


Package fancyhdr Warning: \headheight is too small (12.0pt): 
(fancyhdr)                Make it at least 15.71667pt, for example:
(fancyhdr)                \setlength{\headheight}{15.71667pt}.
(fancyhdr)                You might also make \topmargin smaller:
(fancyhdr)                \addtolength{\topmargin}{-3.71667pt}.

[7] (./docs/bead02/02naplo.tex
Overfull \hbox (5.48262pt too wide) in alignment at lines 17--19
 [] [] [] [] 
 []


Package longtable Warning: Column widths have changed
(longtable)                in table 2.3 on input line 19.

) (./docs/bead03/03doc.tex


Package fancyhdr Warning: \headheight is too small (12.0pt): 
(fancyhdr)                Make it at least 15.71667pt, for example:
(fancyhdr)                \setlength{\headheight}{15.71667pt}.
(fancyhdr)                You might also make \topmargin smaller:
(fancyhdr)                \addtolength{\topmargin}{-3.71667pt}.

[8

]
3. fejezet.
File: docs/img/BMElogo.png Graphic file (type png)
<use docs/img/BMElogo.png>
Package pdftex.def Info: docs/img/BMElogo.png  used on input line 18.
(pdftex.def)             Requested size: 85.35826pt x 23.88335pt.

LaTeX Warning: `h' float specifier changed to `ht'.



[9

]
./docs/bead03/03doc.tex:34: \textfont 8 is undefined (character 3).
<argument> ...tempdima \@parboxrestore $\Diamond $
                                                   \textit {+asszociĂˇciĂł A...
l.34 ...şloldali szereplĹ‘, mi a kapcsolat cĂ©lja}
                                                  
Somewhere in the math formula just ended, you used the
stated character from an undefined font family. For example,
plain TeX doesn't allow \it or \sl in subscripts. Proceed,
and I'll try to forget that I needed that character.

./docs/bead03/03doc.tex:37: \textfont 8 is undefined (character 3).
<argument> ...tempdima \@parboxrestore $\Diamond $
                                                   \textit {+A [0..*]} - ada...
l.37     \classitem{+A [0..*]}{adattag A}
                                         
Somewhere in the math formula just ended, you used the
stated character from an undefined font family. For example,
plain TeX doesn't allow \it or \sl in subscripts. Proceed,
and I'll try to forget that I needed that character.


Underfull \hbox (badness 10000) in paragraph at lines 24--39

 []

./docs/bead03/03doc.tex:41: \textfont 8 is undefined (character 3).
<argument> ...tempdima \@parboxrestore $\Diamond $
                                                   \textit {+B(A a) : void} ...
l.41     \classitem{+B(A a) : void}{metĂłdus B}
                                               
Somewhere in the math formula just ended, you used the
stated character from an undefined font family. For example,
plain TeX doesn't allow \it or \sl in subscripts. Proceed,
and I'll try to forget that I needed that character.


Underfull \hbox (badness 10000) in paragraph at lines 40--43

 []

File: docs/img/BMElogo.png Graphic file (type png)
<use docs/img/BMElogo.png>
Package pdftex.def Info: docs/img/BMElogo.png  used on input line 50.
(pdftex.def)             Requested size: 85.35826pt x 23.88335pt.

Underfull \hbox (badness 10000) in paragraph at lines 45--52

 []


LaTeX Warning: `h' float specifier changed to `ht'.




Package fancyhdr Warning: \headheight is too small (12.0pt): 
(fancyhdr)                Make it at least 15.71667pt, for example:
(fancyhdr)                \setlength{\headheight}{15.71667pt}.
(fancyhdr)                You might also make \topmargin smaller:
(fancyhdr)                \addtolength{\topmargin}{-3.71667pt}.

[10{/usr/local/texlive/2025basic/texmf-dist/fonts/enc/dvips/mnsymbol/MnSymbolC.enc}{/usr/local/texlive/2025basic/texmf-dist/fonts/enc/dvips/mnsymbol/MnSymbolA.enc}]
File: docs/img/BMElogo.png Graphic file (type png)
<use docs/img/BMElogo.png>
Package pdftex.def Info: docs/img/BMElogo.png  used on input line 55.
(pdftex.def)             Requested size: 85.35826pt x 23.88335pt.
File: docs/img/BMElogo.png Graphic file (type png)
<use docs/img/BMElogo.png>
Package pdftex.def Info: docs/img/BMElogo.png  used on input line 60.
(pdftex.def)             Requested size: 85.35826pt x 23.88335pt.
)


Package fancyhdr Warning: \headheight is too small (12.0pt): 
(fancyhdr)                Make it at least 15.71667pt, for example:
(fancyhdr)                \setlength{\headheight}{15.71667pt}.
(fancyhdr)                You might also make \topmargin smaller:
(fancyhdr)                \addtolength{\topmargin}{-3.71667pt}.

[11] (./docs/bead03/03naplo.tex
Overfull \hbox (5.48262pt too wide) in alignment at lines 17--19
 [] [] [] [] 
 []


Package longtable Warning: Column widths have changed
(longtable)                in table 3.1 on input line 19.

) (./docs/bead04/04doc.tex


Package fancyhdr Warning: \headheight is too small (12.0pt): 
(fancyhdr)                Make it at least 15.71667pt, for example:
(fancyhdr)                \setlength{\headheight}{15.71667pt}.
(fancyhdr)                You might also make \topmargin smaller:
(fancyhdr)                \addtolength{\topmargin}{-3.71667pt}.

[12

]
4. fejezet.
File: docs/img/BMElogo.png Graphic file (type png)
<use docs/img/BMElogo.png>
Package pdftex.def Info: docs/img/BMElogo.png  used on input line 18.
(pdftex.def)             Requested size: 85.35826pt x 23.88335pt.

LaTeX Warning: `h' float specifier changed to `ht'.



[13

]
./docs/bead04/04doc.tex:34: \textfont 8 is undefined (character 3).
<argument> ...tempdima \@parboxrestore $\Diamond $
                                                   \textit {+asszociĂˇciĂł A...
l.34 ...şloldali szereplĹ‘, mi a kapcsolat cĂ©lja}
                                                  
Somewhere in the math formula just ended, you used the
stated character from an undefined font family. For example,
plain TeX doesn't allow \it or \sl in subscripts. Proceed,
and I'll try to forget that I needed that character.

./docs/bead04/04doc.tex:37: \textfont 8 is undefined (character 3).
<argument> ...tempdima \@parboxrestore $\Diamond $
                                                   \textit {+A [0..*]} - ada...
l.37     \classitem{+A [0..*]}{adattag A}
                                         
Somewhere in the math formula just ended, you used the
stated character from an undefined font family. For example,
plain TeX doesn't allow \it or \sl in subscripts. Proceed,
and I'll try to forget that I needed that character.


Underfull \hbox (badness 10000) in paragraph at lines 24--39

 []

./docs/bead04/04doc.tex:41: \textfont 8 is undefined (character 3).
<argument> ...tempdima \@parboxrestore $\Diamond $
                                                   \textit {+B(A a) : void} ...
l.41     \classitem{+B(A a) : void}{metĂłdus B}
                                               
Somewhere in the math formula just ended, you used the
stated character from an undefined font family. For example,
plain TeX doesn't allow \it or \sl in subscripts. Proceed,
and I'll try to forget that I needed that character.


Underfull \hbox (badness 10000) in paragraph at lines 40--43

 []

File: docs/img/BMElogo.png Graphic file (type png)
<use docs/img/BMElogo.png>
Package pdftex.def Info: docs/img/BMElogo.png  used on input line 50.
(pdftex.def)             Requested size: 85.35826pt x 23.88335pt.

Underfull \hbox (badness 10000) in paragraph at lines 45--52

 []


LaTeX Warning: `h' float specifier changed to `ht'.




Package fancyhdr Warning: \headheight is too small (12.0pt): 
(fancyhdr)                Make it at least 15.71667pt, for example:
(fancyhdr)                \setlength{\headheight}{15.71667pt}.
(fancyhdr)                You might also make \topmargin smaller:
(fancyhdr)                \addtolength{\topmargin}{-3.71667pt}.

[14]
File: docs/img/BMElogo.png Graphic file (type png)
<use docs/img/BMElogo.png>
Package pdftex.def Info: docs/img/BMElogo.png  used on input line 55.
(pdftex.def)             Requested size: 85.35826pt x 23.88335pt.
File: docs/img/BMElogo.png Graphic file (type png)
<use docs/img/BMElogo.png>
Package pdftex.def Info: docs/img/BMElogo.png  used on input line 60.
(pdftex.def)             Requested size: 85.35826pt x 23.88335pt.
)


Package fancyhdr Warning: \headheight is too small (12.0pt): 
(fancyhdr)                Make it at least 15.71667pt, for example:
(fancyhdr)                \setlength{\headheight}{15.71667pt}.
(fancyhdr)                You might also make \topmargin smaller:
(fancyhdr)                \addtolength{\topmargin}{-3.71667pt}.

[15] (./docs/bead04/04naplo.tex
Overfull \hbox (5.48262pt too wide) in alignment at lines 17--19
 [] [] [] [] 
 []


Package longtable Warning: Column widths have changed
(longtable)                in table 4.1 on input line 19.

) (./docs/bead05/05doc.tex


Package fancyhdr Warning: \headheight is too small (12.0pt): 
(fancyhdr)                Make it at least 15.71667pt, for example:
(fancyhdr)                \setlength{\headheight}{15.71667pt}.
(fancyhdr)                You might also make \topmargin smaller:
(fancyhdr)                \addtolength{\topmargin}{-3.71667pt}.

[16

]
5. fejezet.
File: docs/img/BMElogo.png Graphic file (type png)
<use docs/img/BMElogo.png>
Package pdftex.def Info: docs/img/BMElogo.png  used on input line 8.
(pdftex.def)             Requested size: 113.81102pt x 31.84447pt.

Underfull \hbox (badness 10000) in paragraph at lines 18--23
[]
 []


Underfull \hbox (badness 10000) in paragraph at lines 18--23

 []



[17

])


Package fancyhdr Warning: \headheight is too small (12.0pt): 
(fancyhdr)                Make it at least 15.71667pt, for example:
(fancyhdr)                \setlength{\headheight}{15.71667pt}.
(fancyhdr)                You might also make \topmargin smaller:
(fancyhdr)                \addtolength{\topmargin}{-3.71667pt}.

[18] (./docs/bead05/05naplo.tex
Overfull \hbox (5.48262pt too wide) in alignment at lines 17--19
 [] [] [] [] 
 []


Package longtable Warning: Column widths have changed
(longtable)                in table 5.1 on input line 19.

) (./docs/bead06/06doc.tex


Package fancyhdr Warning: \headheight is too small (12.0pt): 
(fancyhdr)                Make it at least 15.71667pt, for example:
(fancyhdr)                \setlength{\headheight}{15.71667pt}.
(fancyhdr)                You might also make \topmargin smaller:
(fancyhdr)                \addtolength{\topmargin}{-3.71667pt}.

[19

]


Package fancyhdr Warning: \headheight is too small (12.0pt): 
(fancyhdr)                Make it at least 15.71667pt, for example:
(fancyhdr)                \setlength{\headheight}{15.71667pt}.
(fancyhdr)                You might also make \topmargin smaller:
(fancyhdr)                \addtolength{\topmargin}{-3.71667pt}.

[20

]
6. fejezet.

Package longtable Warning: Column widths have changed
(longtable)                in table 6.1 on input line 14.



[21])


Package fancyhdr Warning: \headheight is too small (12.0pt): 
(fancyhdr)                Make it at least 15.71667pt, for example:
(fancyhdr)                \setlength{\headheight}{15.71667pt}.
(fancyhdr)                You might also make \topmargin smaller:
(fancyhdr)                \addtolength{\topmargin}{-3.71667pt}.

[22

] (./docs/bead06/06naplo.tex
Overfull \hbox (5.48262pt too wide) in alignment at lines 17--19
 [] [] [] [] 
 []


Package longtable Warning: Column widths have changed
(longtable)                in table 6.2 on input line 19.

) (./docs/bead07/07doc.tex


Package fancyhdr Warning: \headheight is too small (12.0pt): 
(fancyhdr)                Make it at least 15.71667pt, for example:
(fancyhdr)                \setlength{\headheight}{15.71667pt}.
(fancyhdr)                You might also make \topmargin smaller:
(fancyhdr)                \addtolength{\topmargin}{-3.71667pt}.

[23

]


Package fancyhdr Warning: \headheight is too small (12.0pt): 
(fancyhdr)                Make it at least 15.71667pt, for example:
(fancyhdr)                \setlength{\headheight}{15.71667pt}.
(fancyhdr)                You might also make \topmargin smaller:
(fancyhdr)                \addtolength{\topmargin}{-3.71667pt}.

[24

]
7. fejezet.
./docs/bead07/07doc.tex:23: \textfont 8 is undefined (character 3).
<argument> ...tempdima \@parboxrestore $\Diamond $
                                                   \textit {+asszociĂˇciĂł A...
l.23 ...şloldali szereplĹ‘, mi a kapcsolat cĂ©lja}
                                                  
Somewhere in the math formula just ended, you used the
stated character from an undefined font family. For example,
plain TeX doesn't allow \it or \sl in subscripts. Proceed,
and I'll try to forget that I needed that character.

./docs/bead07/07doc.tex:26: \textfont 8 is undefined (character 3).
<argument> ...tempdima \@parboxrestore $\Diamond $
                                                   \textit {+A [0..*]} - ada...
l.26     \classitem{+A [0..*]}{adattag A}
                                         
Somewhere in the math formula just ended, you used the
stated character from an undefined font family. For example,
plain TeX doesn't allow \it or \sl in subscripts. Proceed,
and I'll try to forget that I needed that character.


Underfull \hbox (badness 10000) in paragraph at lines 13--28

 []



[25]
./docs/bead07/07doc.tex:30: \textfont 8 is undefined (character 3).
<argument> ...tempdima \@parboxrestore $\Diamond $
                                                   \textit {+B(A a) : void} ...
l.30     \classitem{+B(A a) : void}{metĂłdus B}
                                               
Somewhere in the math formula just ended, you used the
stated character from an undefined font family. For example,
plain TeX doesn't allow \it or \sl in subscripts. Proceed,
and I'll try to forget that I needed that character.


Underfull \hbox (badness 10000) in paragraph at lines 29--32

 []

./docs/bead07/07doc.tex:42: \textfont 8 is undefined (character 3).
<argument> ...tempdima \@parboxrestore $\Diamond $
                                                   \textit {+B(A a) : void} ...
l.42     \classitem{+B(A a) : void}{metĂłdus B}
                                               
Somewhere in the math formula just ended, you used the
stated character from an undefined font family. For example,
plain TeX doesn't allow \it or \sl in subscripts. Proceed,
and I'll try to forget that I needed that character.


Underfull \hbox (badness 10000) in paragraph at lines 35--44

 []

File: docs/img/BMElogo.png Graphic file (type png)
<use docs/img/BMElogo.png>
Package pdftex.def Info: docs/img/BMElogo.png  used on input line 47.
(pdftex.def)             Requested size: 85.35826pt x 23.88335pt.

LaTeX Warning: `h' float specifier changed to `ht'.




Package fancyhdr Warning: \headheight is too small (12.0pt): 
(fancyhdr)                Make it at least 15.71667pt, for example:
(fancyhdr)                \setlength{\headheight}{15.71667pt}.
(fancyhdr)                You might also make \topmargin smaller:
(fancyhdr)                \addtolength{\topmargin}{-3.71667pt}.

[26]


Package fancyhdr Warning: \headheight is too small (12.0pt): 
(fancyhdr)                Make it at least 15.71667pt, for example:
(fancyhdr)                \setlength{\headheight}{15.71667pt}.
(fancyhdr)                You might also make \topmargin smaller:
(fancyhdr)                \addtolength{\topmargin}{-3.71667pt}.

[27]
Underfull \hbox (badness 10000) in paragraph at lines 92--97
[]
 []


Underfull \hbox (badness 10000) in paragraph at lines 92--97

 []


Overfull \hbox (12.0498pt too wide) in paragraph at lines 101--102
[]
 []


Underfull \hbox (badness 10000) in paragraph at lines 101--102

 []

)


Package fancyhdr Warning: \headheight is too small (12.0pt): 
(fancyhdr)                Make it at least 15.71667pt, for example:
(fancyhdr)                \setlength{\headheight}{15.71667pt}.
(fancyhdr)                You might also make \topmargin smaller:
(fancyhdr)                \addtolength{\topmargin}{-3.71667pt}.

[28] (./docs/bead07/07naplo.tex
Overfull \hbox (5.48262pt too wide) in alignment at lines 17--19
 [] [] [] [] 
 []


Package longtable Warning: Column widths have changed
(longtable)                in table 7.1 on input line 19.

) (./docs/bead08/08doc.tex


Package fancyhdr Warning: \headheight is too small (12.0pt): 
(fancyhdr)                Make it at least 15.71667pt, for example:
(fancyhdr)                \setlength{\headheight}{15.71667pt}.
(fancyhdr)                You might also make \topmargin smaller:
(fancyhdr)                \addtolength{\topmargin}{-3.71667pt}.

[29

]


Package fancyhdr Warning: \headheight is too small (12.0pt): 
(fancyhdr)                Make it at least 15.71667pt, for example:
(fancyhdr)                \setlength{\headheight}{15.71667pt}.
(fancyhdr)                You might also make \topmargin smaller:
(fancyhdr)                \addtolength{\topmargin}{-3.71667pt}.

[30

]
8. fejezet.
./docs/bead08/08doc.tex:15: \textfont 8 is undefined (character 3).
<argument> ...tempdima \@parboxrestore $\Diamond $
                                                   \textit {+A [0..*]} - ada...
l.15     \classitem{+A [0..*]}{adattag A}
                                         
Somewhere in the math formula just ended, you used the
stated character from an undefined font family. For example,
plain TeX doesn't allow \it or \sl in subscripts. Proceed,
and I'll try to forget that I needed that character.


Underfull \hbox (badness 10000) in paragraph at lines 5--17

 []

./docs/bead08/08doc.tex:19: \textfont 8 is undefined (character 3).
<argument> ...tempdima \@parboxrestore $\Diamond $
                                                   \textit {+B(A a) : void} ...
l.19     \classitem{+B(A a) : void}{metĂłdus B}
                                               
Somewhere in the math formula just ended, you used the
stated character from an undefined font family. For example,
plain TeX doesn't allow \it or \sl in subscripts. Proceed,
and I'll try to forget that I needed that character.


Underfull \hbox (badness 10000) in paragraph at lines 18--21

 []

File: docs/img/BMElogo.png Graphic file (type png)
<use docs/img/BMElogo.png>
Package pdftex.def Info: docs/img/BMElogo.png  used on input line 28.
(pdftex.def)             Requested size: 85.35826pt x 23.88335pt.

Underfull \hbox (badness 10000) in paragraph at lines 23--30

 []



[31]
Overfull \hbox (4.69987pt too wide) in paragraph at lines 35--43
| $[]$
 []


Overfull \hbox (4.69987pt too wide) in paragraph at lines 49--52
| $[]$
 []


Underfull \hbox (badness 10000) in paragraph at lines 57--58

 []




Package fancyhdr Warning: \headheight is too small (12.0pt): 
(fancyhdr)                Make it at least 15.71667pt, for example:
(fancyhdr)                \setlength{\headheight}{15.71667pt}.
(fancyhdr)                You might also make \topmargin smaller:
(fancyhdr)                \addtolength{\topmargin}{-3.71667pt}.

[32])


Package fancyhdr Warning: \headheight is too small (12.0pt): 
(fancyhdr)                Make it at least 15.71667pt, for example:
(fancyhdr)                \setlength{\headheight}{15.71667pt}.
(fancyhdr)                You might also make \topmargin smaller:
(fancyhdr)                \addtolength{\topmargin}{-3.71667pt}.

[33] (./docs/bead08/08naplo.tex
Overfull \hbox (5.48262pt too wide) in alignment at lines 17--19
 [] [] [] [] 
 []


Package longtable Warning: Column widths have changed
(longtable)                in table 8.1 on input line 19.

) (./docs/bead10/10doc.tex


Package fancyhdr Warning: \headheight is too small (12.0pt): 
(fancyhdr)                Make it at least 15.71667pt, for example:
(fancyhdr)                \setlength{\headheight}{15.71667pt}.
(fancyhdr)                You might also make \topmargin smaller:
(fancyhdr)                \addtolength{\topmargin}{-3.71667pt}.

[34

]
10. fejezet.

Package longtable Warning: Column widths have changed
(longtable)                in table 10.1 on input line 14.


Overfull \hbox (31.96664pt too wide) in paragraph at lines 35--36
[] 
 []



[35

]
Overfull \hbox (31.96664pt too wide) in paragraph at lines 37--38
[]
 []


Underfull \hbox (badness 10000) in paragraph at lines 37--38

 []

)


Package fancyhdr Warning: \headheight is too small (12.0pt): 
(fancyhdr)                Make it at least 15.71667pt, for example:
(fancyhdr)                \setlength{\headheight}{15.71667pt}.
(fancyhdr)                You might also make \topmargin smaller:
(fancyhdr)                \addtolength{\topmargin}{-3.71667pt}.

[36] (./docs/bead10/10naplo.tex
Overfull \hbox (5.48262pt too wide) in alignment at lines 17--19
 [] [] [] [] 
 []


Package longtable Warning: Column widths have changed
(longtable)                in table 10.2 on input line 19.

) (./docs/bead11/11doc.tex


Package fancyhdr Warning: \headheight is too small (12.0pt): 
(fancyhdr)                Make it at least 15.71667pt, for example:
(fancyhdr)                \setlength{\headheight}{15.71667pt}.
(fancyhdr)                You might also make \topmargin smaller:
(fancyhdr)                \addtolength{\topmargin}{-3.71667pt}.

[37

]


Package fancyhdr Warning: \headheight is too small (12.0pt): 
(fancyhdr)                Make it at least 15.71667pt, for example:
(fancyhdr)                \setlength{\headheight}{15.71667pt}.
(fancyhdr)                You might also make \topmargin smaller:
(fancyhdr)                \addtolength{\topmargin}{-3.71667pt}.

[38

]
11. fejezet.
File: docs/img/BMElogo.png Graphic file (type png)
<use docs/img/BMElogo.png>
Package pdftex.def Info: docs/img/BMElogo.png  used on input line 5.
(pdftex.def)             Requested size: 85.35826pt x 23.88335pt.
File: docs/img/BMElogo.png Graphic file (type png)
<use docs/img/BMElogo.png>
Package pdftex.def Info: docs/img/BMElogo.png  used on input line 15.
(pdftex.def)             Requested size: 85.35826pt x 23.88335pt.

LaTeX Warning: `h' float specifier changed to `ht'.



[39]
./docs/bead11/11doc.tex:32: \textfont 8 is undefined (character 3).
<argument> ...tempdima \@parboxrestore $\Diamond $
                                                   \textit {+A [0..*]} - ada...
l.32     \classitem{+A [0..*]}{adattag A}
                                         
Somewhere in the math formula just ended, you used the
stated character from an undefined font family. For example,
plain TeX doesn't allow \it or \sl in subscripts. Proceed,
and I'll try to forget that I needed that character.


Underfull \hbox (badness 10000) in paragraph at lines 22--34

 []

./docs/bead11/11doc.tex:36: \textfont 8 is undefined (character 3).
<argument> ...tempdima \@parboxrestore $\Diamond $
                                                   \textit {+B(A a) : void} ...
l.36     \classitem{+B(A a) : void}{metĂłdus B}
                                               
Somewhere in the math formula just ended, you used the
stated character from an undefined font family. For example,
plain TeX doesn't allow \it or \sl in subscripts. Proceed,
and I'll try to forget that I needed that character.


Underfull \hbox (badness 10000) in paragraph at lines 35--38

 []

./docs/bead11/11doc.tex:51: \textfont 8 is undefined (character 3).
<argument> ...tempdima \@parboxrestore $\Diamond $
                                                   \textit {+A [0..*]} - ada...
l.51     \classitem{+A [0..*]}{adattag A}
                                         
Somewhere in the math formula just ended, you used the
stated character from an undefined font family. For example,
plain TeX doesn't allow \it or \sl in subscripts. Proceed,
and I'll try to forget that I needed that character.


Underfull \hbox (badness 10000) in paragraph at lines 41--53

 []




Package fancyhdr Warning: \headheight is too small (12.0pt): 
(fancyhdr)                Make it at least 15.71667pt, for example:
(fancyhdr)                \setlength{\headheight}{15.71667pt}.
(fancyhdr)                You might also make \topmargin smaller:
(fancyhdr)                \addtolength{\topmargin}{-3.71667pt}.

[40]
./docs/bead11/11doc.tex:55: \textfont 8 is undefined (character 3).
<argument> ...tempdima \@parboxrestore $\Diamond $
                                                   \textit {+B(A a) : void} ...
l.55     \classitem{+B(A a) : void}{metĂłdus B}
                                               
Somewhere in the math formula just ended, you used the
stated character from an undefined font family. For example,
plain TeX doesn't allow \it or \sl in subscripts. Proceed,
and I'll try to forget that I needed that character.


Underfull \hbox (badness 10000) in paragraph at lines 54--57

 []

)


Package fancyhdr Warning: \headheight is too small (12.0pt): 
(fancyhdr)                Make it at least 15.71667pt, for example:
(fancyhdr)                \setlength{\headheight}{15.71667pt}.
(fancyhdr)                You might also make \topmargin smaller:
(fancyhdr)                \addtolength{\topmargin}{-3.71667pt}.

[41] (./docs/bead11/11naplo.tex
Overfull \hbox (5.48262pt too wide) in alignment at lines 17--19
 [] [] [] [] 
 []


Package longtable Warning: Column widths have changed
(longtable)                in table 11.1 on input line 19.

) (./docs/bead13/13doc.tex


Package fancyhdr Warning: \headheight is too small (12.0pt): 
(fancyhdr)                Make it at least 15.71667pt, for example:
(fancyhdr)                \setlength{\headheight}{15.71667pt}.
(fancyhdr)                You might also make \topmargin smaller:
(fancyhdr)                \addtolength{\topmargin}{-3.71667pt}.

[42

]
13. fejezet.

Package longtable Warning: Column widths have changed
(longtable)                in table 13.1 on input line 14.



[43

])


Package fancyhdr Warning: \headheight is too small (12.0pt): 
(fancyhdr)                Make it at least 15.71667pt, for example:
(fancyhdr)                \setlength{\headheight}{15.71667pt}.
(fancyhdr)                You might also make \topmargin smaller:
(fancyhdr)                \addtolength{\topmargin}{-3.71667pt}.

[44

] (./docs/bead13/13naplo.tex
Overfull \hbox (5.48262pt too wide) in alignment at lines 17--19
 [] [] [] [] 
 []


Package longtable Warning: Column widths have changed
(longtable)                in table 13.2 on input line 19.

) (./docs/bead14/14doc.tex


Package fancyhdr Warning: \headheight is too small (12.0pt): 
(fancyhdr)                Make it at least 15.71667pt, for example:
(fancyhdr)                \setlength{\headheight}{15.71667pt}.
(fancyhdr)                You might also make \topmargin smaller:
(fancyhdr)                \addtolength{\topmargin}{-3.71667pt}.

[45

]


Package fancyhdr Warning: \headheight is too small (12.0pt): 
(fancyhdr)                Make it at least 15.71667pt, for example:
(fancyhdr)                \setlength{\headheight}{15.71667pt}.
(fancyhdr)                You might also make \topmargin smaller:
(fancyhdr)                \addtolength{\topmargin}{-3.71667pt}.

[46

]
14. fejezet.

Underfull \hbox (badness 1975) in paragraph at lines 14--14
[]\OT1/cmr/bx/n/17.28 A felt^^?olt^^?ott prog-ra-mok forr^^Sassorainak meg-
 []



[47{/usr/local/texlive/2025basic/texmf-dist/fonts/enc/dvips/mnsymbol/MnSymbolF.enc}])

Package longtable Warning: Table widths have changed. Rerun LaTeX.




Package fancyhdr Warning: \headheight is too small (12.0pt): 
(fancyhdr)                Make it at least 15.71667pt, for example:
(fancyhdr)                \setlength{\headheight}{15.71667pt}.
(fancyhdr)                You might also make \topmargin smaller:
(fancyhdr)                \addtolength{\topmargin}{-3.71667pt}.

[48] (./projlab.aux)
 ***********
LaTeX2e <2024-11-01> patch level 2
L3 programming layer <2025-01-18>
 ***********


LaTeX Font Warning: Some font shapes were not available, defaults substituted.


Package rerunfilecheck Warning: File `projlab.out' has changed.
(rerunfilecheck)                Rerun to get outlines right
(rerunfilecheck)                or use package `bookmark'.

Package rerunfilecheck Info: Checksums for `projlab.out':
(rerunfilecheck)             Before: <no file>
(rerunfilecheck)             After:  E4FF79FCD0B3118D1861A35A8E37D985;18735.
 ) 
Here is how much of TeX's memory you used:
 17891 strings out of 474662
 276785 string characters out of 5751109
 674859 words of memory out of 5000000
 40458 multiletter control sequences out of 15000+600000
 570851 words of font info for 75 fonts, out of 8000000 for 9000
 319 hyphenation exceptions out of 8191
 75i,13n,79p,1117b,540s stack positions out of 10000i,1000n,20000p,200000b,200000s
 </Users/davidtoth/Library/texlive/2025basic/texmf-var/fonts/pk/ljfour/jknappen/ec/tcrm1200.600pk></usr/local/texlive/2025basic/texmf-dist/fonts/type1/public/mnsymbol/MnSymbol12.pfb></usr/local/texlive/2025basic/texmf-dist/fonts/type1/public/amsfonts/cm/cmbx12.pfb></usr/local/texlive/2025basic/texmf-dist/fonts/type1/public/amsfonts/cm/cmcsc10.pfb></usr/local/texlive/2025basic/texmf-dist/fonts/type1/public/amsfonts/cm/cmr10.pfb></usr/local/texlive/2025basic/texmf-dist/fonts/type1/public/amsfonts/cm/cmr12.pfb></usr/local/texlive/2025basic/texmf-dist/fonts/type1/public/amsfonts/cm/cmr17.pfb></usr/local/texlive/2025basic/texmf-dist/fonts/type1/public/amsfonts/cm/cmti12.pfb></usr/local/texlive/2025basic/texmf-dist/fonts/type1/public/amsfonts/cm/cmtt12.pfb>
Output written on projlab.pdf (48 pages, 200507 bytes).
PDF statistics:
 462 PDF objects out of 1000 (max. 8388607)
 388 compressed objects within 4 object streams
 200 named destinations out of 1000 (max. 500000)
 6 words of extra memory for PDF output out of 10000 (max. 10000000)

